<?xml version="1.0" encoding="UTF-8"?>
<!-- Generated by org.testng.reporters.JUnitXMLReporter -->
<testsuite hostname="DESKTOP-TTL6LUL" ignored="0" name="AddStaff" tests="94" failures="16" timestamp="2021-03-10T10:06:45 ICT" time="382.636" errors="0">
  <testcase name="Add_01" time="1.234" classname="AutomationTest.IDTest"/>
  <testcase name="Add_02" time="1.452" classname="AutomationTest.IDTest"/>
  <testcase name="Add_03" time="1.333" classname="AutomationTest.IDTest"/>
  <testcase name="Add_04" time="1.315" classname="AutomationTest.IDTest"/>
  <testcase name="Add_05" time="1.364" classname="AutomationTest.IDTest"/>
  <testcase name="Add_06" time="1.298" classname="AutomationTest.IDTest"/>
  <testcase name="Add_07" time="1.407" classname="AutomationTest.IDTest"/>
  <testcase name="Add_08" time="1.288" classname="AutomationTest.IDTest"/>
  <testcase name="Add_09" time="1.486" classname="AutomationTest.IDTest"/>
  <testcase name="Add_10" time="1.332" classname="AutomationTest.IDTest"/>
  <testcase name="Add_11" time="1.268" classname="AutomationTest.IDTest"/>
  <testcase name="Add_12" time="1.427" classname="AutomationTest.IDTest"/>
  <testcase name="Add_13" time="1.248" classname="AutomationTest.IDTest"/>
  <testcase name="Add_14" time="1.222" classname="AutomationTest.IDTest"/>
  <testcase name="Add_15" time="1.233" classname="AutomationTest.IDTest"/>
  <testcase name="Add_16" time="1.227" classname="AutomationTest.IDTest"/>
  <testcase name="Add_17" time="1.248" classname="AutomationTest.IDTest"/>
  <testcase name="Add_53" time="1.15" classname="AutomationTest.EmailTest"/>
  <testcase name="Add_54" time="1.278" classname="AutomationTest.EmailTest"/>
  <testcase name="Add_55" time="1.227" classname="AutomationTest.EmailTest"/>
  <testcase name="Add_56" time="1.237" classname="AutomationTest.EmailTest"/>
  <testcase name="Add_57" time="1.248" classname="AutomationTest.EmailTest"/>
  <testcase name="Add_58" time="1.21" classname="AutomationTest.EmailTest"/>
  <testcase name="Add_59" time="1.488" classname="AutomationTest.EmailTest"/>
  <testcase name="Add_60" time="1.305" classname="AutomationTest.EmailTest"/>
  <testcase name="Add_61" time="1.372" classname="AutomationTest.EmailTest"/>
  <testcase name="Add_62" time="1.247" classname="AutomationTest.EmailTest"/>
  <testcase name="Add_63" time="1.224" classname="AutomationTest.EmailTest"/>
  <testcase name="Add_64" time="1.184" classname="AutomationTest.EmailTest"/>
  <testcase name="Add_65" time="1.178" classname="AutomationTest.EmailTest"/>
  <testcase name="Add_66" time="1.18" classname="AutomationTest.EmailTest"/>
  <testcase name="Add_67" time="1.32" classname="AutomationTest.EmailTest"/>
  <testcase name="Add_68" time="1.356" classname="AutomationTest.EmailTest"/>
  <testcase name="Add_69" time="1.433" classname="AutomationTest.EmailTest"/>
  <testcase name="Add_70" time="1.249" classname="AutomationTest.EmailTest"/>
  <testcase name="Add_35" time="1.163" classname="AutomationTest.BirthdayTest"/>
  <testcase name="Add_36" time="1.431" classname="AutomationTest.BirthdayTest">
    <failure type="java.lang.AssertionError" message="expected [Please fill out this field.] but found []">
      <![CDATA[java.lang.AssertionError: expected [Please fill out this field.] but found []
at AutomationTest.BirthdayTest.Add_36(BirthdayTest.java:69)
at java.util.ArrayList.forEach(Unknown Source)
... Removed 34 stack frames]]>
    </failure>
  </testcase> <!-- Add_36 -->
  <testcase name="Add_37" time="1.224" classname="AutomationTest.BirthdayTest">
    <failure type="java.lang.AssertionError" message="expected [Please fill out this field.] but found []">
      <![CDATA[java.lang.AssertionError: expected [Please fill out this field.] but found []
at AutomationTest.BirthdayTest.Add_37(BirthdayTest.java:84)
at java.util.ArrayList.forEach(Unknown Source)
... Removed 34 stack frames]]>
    </failure>
  </testcase> <!-- Add_37 -->
  <testcase name="Add_38" time="1.21" classname="AutomationTest.BirthdayTest">
    <failure type="java.lang.AssertionError" message="expected [Please fill out this field.] but found []">
      <![CDATA[java.lang.AssertionError: expected [Please fill out this field.] but found []
at AutomationTest.BirthdayTest.Add_38(BirthdayTest.java:99)
at java.util.ArrayList.forEach(Unknown Source)
... Removed 34 stack frames]]>
    </failure>
  </testcase> <!-- Add_38 -->
  <testcase name="Add_39" time="1.287" classname="AutomationTest.BirthdayTest">
    <failure type="java.lang.AssertionError" message="expected [Please fill out this field.] but found []">
      <![CDATA[java.lang.AssertionError: expected [Please fill out this field.] but found []
at AutomationTest.BirthdayTest.Add_39(BirthdayTest.java:114)
at java.util.ArrayList.forEach(Unknown Source)
... Removed 34 stack frames]]>
    </failure>
  </testcase> <!-- Add_39 -->
  <testcase name="Add_40" time="1.219" classname="AutomationTest.BirthdayTest"/>
  <testcase name="Add_41" time="1.292" classname="AutomationTest.BirthdayTest">
    <failure type="java.lang.AssertionError" message="expected [Please fill out this field.] but found []">
      <![CDATA[java.lang.AssertionError: expected [Please fill out this field.] but found []
at AutomationTest.BirthdayTest.Add_41(BirthdayTest.java:144)
at java.util.ArrayList.forEach(Unknown Source)
... Removed 34 stack frames]]>
    </failure>
  </testcase> <!-- Add_41 -->
  <testcase name="Add_42" time="1.193" classname="AutomationTest.BirthdayTest">
    <failure type="java.lang.AssertionError" message="expected [Please fill out this field.] but found []">
      <![CDATA[java.lang.AssertionError: expected [Please fill out this field.] but found []
at AutomationTest.BirthdayTest.Add_42(BirthdayTest.java:160)
at java.util.ArrayList.forEach(Unknown Source)
... Removed 34 stack frames]]>
    </failure>
  </testcase> <!-- Add_42 -->
  <testcase name="Add_43" time="1.22" classname="AutomationTest.BirthdayTest">
    <failure type="java.lang.AssertionError" message="expected [Please fill out this field.] but found []">
      <![CDATA[java.lang.AssertionError: expected [Please fill out this field.] but found []
at AutomationTest.BirthdayTest.Add_43(BirthdayTest.java:176)
at java.util.ArrayList.forEach(Unknown Source)
... Removed 34 stack frames]]>
    </failure>
  </testcase> <!-- Add_43 -->
  <testcase name="Add_44" time="1.213" classname="AutomationTest.BirthdayTest">
    <failure type="java.lang.AssertionError" message="expected [Please fill out this field.] but found []">
      <![CDATA[java.lang.AssertionError: expected [Please fill out this field.] but found []
at AutomationTest.BirthdayTest.Add_44(BirthdayTest.java:192)
at java.util.ArrayList.forEach(Unknown Source)
... Removed 34 stack frames]]>
    </failure>
  </testcase> <!-- Add_44 -->
  <testcase name="Add_45" time="1.21" classname="AutomationTest.BirthdayTest">
    <failure type="java.lang.AssertionError" message="expected [Please fill out this field.] but found []">
      <![CDATA[java.lang.AssertionError: expected [Please fill out this field.] but found []
at AutomationTest.BirthdayTest.Add_45(BirthdayTest.java:208)
at java.util.ArrayList.forEach(Unknown Source)
... Removed 34 stack frames]]>
    </failure>
  </testcase> <!-- Add_45 -->
  <testcase name="Add_46" time="1.175" classname="AutomationTest.BirthdayTest">
    <failure type="java.lang.AssertionError" message="expected [Please fill out this field.] but found []">
      <![CDATA[java.lang.AssertionError: expected [Please fill out this field.] but found []
at AutomationTest.BirthdayTest.Add_46(BirthdayTest.java:223)
at java.util.ArrayList.forEach(Unknown Source)
... Removed 34 stack frames]]>
    </failure>
  </testcase> <!-- Add_46 -->
  <testcase name="Add_18" time="1.727" classname="AutomationTest.NameTest">
    <failure type="java.lang.AssertionError" message="expected [Please fill out this field.] but found []">
      <![CDATA[java.lang.AssertionError: expected [Please fill out this field.] but found []
at AutomationTest.NameTest.Add_18(NameTest.java:79)
at java.util.ArrayList.forEach(Unknown Source)
... Removed 34 stack frames]]>
    </failure>
  </testcase> <!-- Add_18 -->
  <testcase name="Add_19" time="1.626" classname="AutomationTest.NameTest"/>
  <testcase name="Add_20" time="1.488" classname="AutomationTest.NameTest"/>
  <testcase name="Add_21" time="1.516" classname="AutomationTest.NameTest"/>
  <testcase name="Add_22" time="1.543" classname="AutomationTest.NameTest"/>
  <testcase name="Add_23" time="1.639" classname="AutomationTest.NameTest"/>
  <testcase name="Add_24" time="1.651" classname="AutomationTest.NameTest"/>
  <testcase name="Add_25" time="1.616" classname="AutomationTest.NameTest"/>
  <testcase name="Add_26" time="1.544" classname="AutomationTest.NameTest"/>
  <testcase name="Add_27" time="1.52" classname="AutomationTest.NameTest"/>
  <testcase name="Add_28" time="1.575" classname="AutomationTest.NameTest"/>
  <testcase name="Add_29" time="2.259" classname="AutomationTest.NameTest"/>
  <testcase name="Add_30" time="1.576" classname="AutomationTest.NameTest"/>
  <testcase name="Add_31" time="1.616" classname="AutomationTest.NameTest">
    <failure type="java.lang.AssertionError" message="Lỗi: Không nhập tên vẫn hợp lệ">
      <![CDATA[java.lang.AssertionError: Lỗi: Không nhập tên vẫn hợp lệ
at AutomationTest.NameTest.Add_31(NameTest.java:290)
at java.util.ArrayList.forEach(Unknown Source)
... Removed 29 stack frames]]>
    </failure>
  </testcase> <!-- Add_31 -->
  <testcase name="Add_32" time="1.685" classname="AutomationTest.NameTest">
    <failure type="java.lang.AssertionError" message="Lỗi: Không nhập tên vẫn hợp lệ">
      <![CDATA[java.lang.AssertionError: Lỗi: Không nhập tên vẫn hợp lệ
at AutomationTest.NameTest.Add_32(NameTest.java:303)
at java.util.ArrayList.forEach(Unknown Source)
... Removed 29 stack frames]]>
    </failure>
  </testcase> <!-- Add_32 -->
  <testcase name="Add_33" time="1.594" classname="AutomationTest.NameTest">
    <failure type="java.lang.AssertionError" message="Lỗi: Không nhập tên vẫn hợp lệ">
      <![CDATA[java.lang.AssertionError: Lỗi: Không nhập tên vẫn hợp lệ
at AutomationTest.NameTest.Add_33(NameTest.java:316)
at java.util.ArrayList.forEach(Unknown Source)
... Removed 29 stack frames]]>
    </failure>
  </testcase> <!-- Add_33 -->
  <testcase name="Add_34" time="1.818" classname="AutomationTest.NameTest">
    <failure type="java.lang.AssertionError" message="Lỗi: Không nhập tên vẫn hợp lệ">
      <![CDATA[java.lang.AssertionError: Lỗi: Không nhập tên vẫn hợp lệ
at AutomationTest.NameTest.Add_34(NameTest.java:329)
at java.util.ArrayList.forEach(Unknown Source)
... Removed 29 stack frames]]>
    </failure>
  </testcase> <!-- Add_34 -->
  <testcase name="Add_91" time="1.251" classname="AutomationTest.NoteTest"/>
  <testcase name="Add_92" time="1.758" classname="AutomationTest.NoteTest"/>
  <testcase name="Add_93" time="1.624" classname="AutomationTest.NoteTest"/>
  <testcase name="Add_94" time="1.773" classname="AutomationTest.NoteTest"/>
  <testcase name="Add_95" time="1.766" classname="AutomationTest.NoteTest"/>
  <testcase name="Add_96" time="1.761" classname="AutomationTest.NoteTest"/>
  <testcase name="Add_97" time="1.57" classname="AutomationTest.NoteTest"/>
  <testcase name="Add_98" time="1.71" classname="AutomationTest.NoteTest"/>
  <testcase name="Add_99" time="1.754" classname="AutomationTest.NoteTest"/>
  <testcase name="Add_100" time="1.574" classname="AutomationTest.NoteTest"/>
  <testcase name="Add_71" time="1.156" classname="AutomationTest.PhoneTest"/>
  <testcase name="Add_72" time="1.227" classname="AutomationTest.PhoneTest"/>
  <testcase name="Add_73" time="1.199" classname="AutomationTest.PhoneTest"/>
  <testcase name="Add_74" time="1.208" classname="AutomationTest.PhoneTest"/>
  <testcase name="Add_75" time="1.189" classname="AutomationTest.PhoneTest"/>
  <testcase name="Add_76" time="1.265" classname="AutomationTest.PhoneTest"/>
  <testcase name="Add_77" time="1.209" classname="AutomationTest.PhoneTest"/>
  <testcase name="Add_78" time="1.247" classname="AutomationTest.PhoneTest"/>
  <testcase name="Add_79" time="1.231" classname="AutomationTest.PhoneTest"/>
  <testcase name="Add_80" time="1.25" classname="AutomationTest.PhoneTest"/>
  <testcase name="Add_81" time="1.221" classname="AutomationTest.PhoneTest"/>
  <testcase name="Add_82" time="1.198" classname="AutomationTest.PhoneTest"/>
  <testcase name="Add_83" time="1.208" classname="AutomationTest.PhoneTest"/>
  <testcase name="Add_84" time="1.25" classname="AutomationTest.PhoneTest"/>
  <testcase name="Add_85" time="1.24" classname="AutomationTest.PhoneTest"/>
  <testcase name="Add_86" time="1.218" classname="AutomationTest.PhoneTest"/>
  <testcase name="Add_87" time="1.235" classname="AutomationTest.PhoneTest"/>
  <testcase name="Add_88" time="1.228" classname="AutomationTest.PhoneTest"/>
  <testcase name="Add_89" time="1.217" classname="AutomationTest.PhoneTest"/>
  <testcase name="Add_90" time="1.272" classname="AutomationTest.PhoneTest">
    <failure type="java.lang.AssertionError" message="expected [Please match the requested format.] but found []">
      <![CDATA[java.lang.AssertionError: expected [Please match the requested format.] but found []
at AutomationTest.PhoneTest.Add_90(PhoneTest.java:340)
at java.util.ArrayList.forEach(Unknown Source)
... Removed 34 stack frames]]>
    </failure>
  </testcase> <!-- Add_90 -->
</testsuite> <!-- AddStaff -->
