<?xml version="1.0" encoding="UTF-8"?>
<!-- Generated by org.testng.reporters.JUnitReportReporter -->
<testsuite skipped="0" hostname="DESKTOP-TTL6LUL" name="UnitTest.SalaryDAOTest" tests="20" failures="0" timestamp="2021-03-10T18:38:49 ICT" time="3.198" errors="3">
  <testcase name="insertSalary" time="0.208" classname="UnitTest.SalaryDAOTest"/>
  <system-out/>
  <testcase name="insertSalary" time="0.196" classname="UnitTest.SalaryDAOTest"/>
  <system-out/>
  <testcase name="insertSalary" time="0.000" classname="UnitTest.SalaryDAOTest">
    <error type="org.testng.TestNGException" message="
Conversion issue on parameter: salary_factor">
      <![CDATA[org.testng.TestNGException: 
Conversion issue on parameter: salary_factor
at org.testng.internal.Parameters.convertType(Parameters.java:531)
at org.testng.internal.Parameters.createParams(Parameters.java:271)
at org.testng.internal.Parameters.createParametersForMethod(Parameters.java:356)
at org.testng.internal.Parameters.createParameters(Parameters.java:700)
at org.testng.internal.Parameters.handleParameters(Parameters.java:875)
at org.testng.internal.Parameters.handleParameters(Parameters.java:740)
at org.testng.internal.ParameterHandler.handleParameters(ParameterHandler.java:59)
at org.testng.internal.ParameterHandler.createParameters(ParameterHandler.java:38)
at org.testng.internal.TestInvoker$MethodInvocationAgent.invoke(TestInvoker.java:789)
at org.testng.internal.TestInvoker.invokeTestMethods(TestInvoker.java:147)
at org.testng.internal.TestMethodWorker.invokeTestMethods(TestMethodWorker.java:146)
at org.testng.internal.TestMethodWorker.run(TestMethodWorker.java:128)
at java.util.ArrayList.forEach(Unknown Source)
at org.testng.TestRunner.privateRun(TestRunner.java:764)
at org.testng.TestRunner.run(TestRunner.java:585)
at org.testng.SuiteRunner.runTest(SuiteRunner.java:384)
at org.testng.SuiteRunner.runSequentially(SuiteRunner.java:378)
at org.testng.SuiteRunner.privateRun(SuiteRunner.java:337)
at org.testng.SuiteRunner.run(SuiteRunner.java:286)
at org.testng.SuiteRunnerWorker.runSuite(SuiteRunnerWorker.java:53)
at org.testng.SuiteRunnerWorker.run(SuiteRunnerWorker.java:96)
at org.testng.TestNG.runSuitesSequentially(TestNG.java:1218)
at org.testng.TestNG.runSuitesLocally(TestNG.java:1140)
at org.testng.TestNG.runSuites(TestNG.java:1069)
at org.testng.TestNG.run(TestNG.java:1037)
at org.testng.remote.AbstractRemoteTestNG.run(AbstractRemoteTestNG.java:115)
at org.testng.remote.RemoteTestNG.initAndRun(RemoteTestNG.java:251)
at org.testng.remote.RemoteTestNG.main(RemoteTestNG.java:77)
Caused by: java.lang.NumberFormatException: For input string: "tung"
at sun.misc.FloatingDecimal.readJavaFormatString(Unknown Source)
at sun.misc.FloatingDecimal.parseFloat(Unknown Source)
at java.lang.Float.parseFloat(Unknown Source)
at java.lang.Float.valueOf(Unknown Source)
at org.testng.internal.Parameters.convertType(Parameters.java:519)
... 27 more
]]>
    </error>
  </testcase> <!-- insertSalary -->
  <system-out/>
  <testcase name="insertSalary" time="0.179" classname="UnitTest.SalaryDAOTest"/>
  <system-out/>
  <testcase name="insertSalary" time="0.140" classname="UnitTest.SalaryDAOTest"/>
  <system-out/>
  <testcase name="insertSalary" time="0.157" classname="UnitTest.SalaryDAOTest"/>
  <system-out/>
  <testcase name="insertSalary" time="0.120" classname="UnitTest.SalaryDAOTest"/>
  <system-out/>
  <testcase name="insertSalary" time="0.180" classname="UnitTest.SalaryDAOTest"/>
  <system-out/>
  <testcase name="insertSalary" time="0.164" classname="UnitTest.SalaryDAOTest"/>
  <system-out/>
  <testcase name="insertSalary" time="0.473" classname="UnitTest.SalaryDAOTest"/>
  <system-out/>
  <testcase name="insertSalary" time="0.109" classname="UnitTest.SalaryDAOTest"/>
  <system-out/>
  <testcase name="insertSalary" time="0.115" classname="UnitTest.SalaryDAOTest"/>
  <system-out/>
  <testcase name="insertSalary" time="0.250" classname="UnitTest.SalaryDAOTest"/>
  <system-out/>
  <testcase name="insertSalary" time="0.000" classname="UnitTest.SalaryDAOTest">
    <error type="org.testng.TestNGException" message="
Conversion issue on parameter: allowance">
      <![CDATA[org.testng.TestNGException: 
Conversion issue on parameter: allowance
at org.testng.internal.Parameters.convertType(Parameters.java:531)
at org.testng.internal.Parameters.createParams(Parameters.java:271)
at org.testng.internal.Parameters.createParametersForMethod(Parameters.java:356)
at org.testng.internal.Parameters.createParameters(Parameters.java:700)
at org.testng.internal.Parameters.handleParameters(Parameters.java:875)
at org.testng.internal.Parameters.handleParameters(Parameters.java:740)
at org.testng.internal.ParameterHandler.handleParameters(ParameterHandler.java:59)
at org.testng.internal.ParameterHandler.createParameters(ParameterHandler.java:38)
at org.testng.internal.TestInvoker$MethodInvocationAgent.invoke(TestInvoker.java:789)
at org.testng.internal.TestInvoker.invokeTestMethods(TestInvoker.java:147)
at org.testng.internal.TestMethodWorker.invokeTestMethods(TestMethodWorker.java:146)
at org.testng.internal.TestMethodWorker.run(TestMethodWorker.java:128)
at java.util.ArrayList.forEach(Unknown Source)
at org.testng.TestRunner.privateRun(TestRunner.java:764)
at org.testng.TestRunner.run(TestRunner.java:585)
at org.testng.SuiteRunner.runTest(SuiteRunner.java:384)
at org.testng.SuiteRunner.runSequentially(SuiteRunner.java:378)
at org.testng.SuiteRunner.privateRun(SuiteRunner.java:337)
at org.testng.SuiteRunner.run(SuiteRunner.java:286)
at org.testng.SuiteRunnerWorker.runSuite(SuiteRunnerWorker.java:53)
at org.testng.SuiteRunnerWorker.run(SuiteRunnerWorker.java:96)
at org.testng.TestNG.runSuitesSequentially(TestNG.java:1218)
at org.testng.TestNG.runSuitesLocally(TestNG.java:1140)
at org.testng.TestNG.runSuites(TestNG.java:1069)
at org.testng.TestNG.run(TestNG.java:1037)
at org.testng.remote.AbstractRemoteTestNG.run(AbstractRemoteTestNG.java:115)
at org.testng.remote.RemoteTestNG.initAndRun(RemoteTestNG.java:251)
at org.testng.remote.RemoteTestNG.main(RemoteTestNG.java:77)
Caused by: java.lang.NumberFormatException: For input string: "tung"
at sun.misc.FloatingDecimal.readJavaFormatString(Unknown Source)
at sun.misc.FloatingDecimal.parseFloat(Unknown Source)
at java.lang.Float.parseFloat(Unknown Source)
at java.lang.Float.valueOf(Unknown Source)
at org.testng.internal.Parameters.convertType(Parameters.java:519)
... 27 more
]]>
    </error>
  </testcase> <!-- insertSalary -->
  <system-out/>
  <testcase name="insertSalary" time="0.153" classname="UnitTest.SalaryDAOTest"/>
  <system-out/>
  <testcase name="insertSalary" time="0.300" classname="UnitTest.SalaryDAOTest"/>
  <system-out/>
  <testcase name="insertSalary" time="0.000" classname="UnitTest.SalaryDAOTest">
    <error type="org.testng.TestNGException" message="
Conversion issue on parameter: basic_salary">
      <![CDATA[org.testng.TestNGException: 
Conversion issue on parameter: basic_salary
at org.testng.internal.Parameters.convertType(Parameters.java:531)
at org.testng.internal.Parameters.createParams(Parameters.java:271)
at org.testng.internal.Parameters.createParametersForMethod(Parameters.java:356)
at org.testng.internal.Parameters.createParameters(Parameters.java:700)
at org.testng.internal.Parameters.handleParameters(Parameters.java:875)
at org.testng.internal.Parameters.handleParameters(Parameters.java:740)
at org.testng.internal.ParameterHandler.handleParameters(ParameterHandler.java:59)
at org.testng.internal.ParameterHandler.createParameters(ParameterHandler.java:38)
at org.testng.internal.TestInvoker$MethodInvocationAgent.invoke(TestInvoker.java:789)
at org.testng.internal.TestInvoker.invokeTestMethods(TestInvoker.java:147)
at org.testng.internal.TestMethodWorker.invokeTestMethods(TestMethodWorker.java:146)
at org.testng.internal.TestMethodWorker.run(TestMethodWorker.java:128)
at java.util.ArrayList.forEach(Unknown Source)
at org.testng.TestRunner.privateRun(TestRunner.java:764)
at org.testng.TestRunner.run(TestRunner.java:585)
at org.testng.SuiteRunner.runTest(SuiteRunner.java:384)
at org.testng.SuiteRunner.runSequentially(SuiteRunner.java:378)
at org.testng.SuiteRunner.privateRun(SuiteRunner.java:337)
at org.testng.SuiteRunner.run(SuiteRunner.java:286)
at org.testng.SuiteRunnerWorker.runSuite(SuiteRunnerWorker.java:53)
at org.testng.SuiteRunnerWorker.run(SuiteRunnerWorker.java:96)
at org.testng.TestNG.runSuitesSequentially(TestNG.java:1218)
at org.testng.TestNG.runSuitesLocally(TestNG.java:1140)
at org.testng.TestNG.runSuites(TestNG.java:1069)
at org.testng.TestNG.run(TestNG.java:1037)
at org.testng.remote.AbstractRemoteTestNG.run(AbstractRemoteTestNG.java:115)
at org.testng.remote.RemoteTestNG.initAndRun(RemoteTestNG.java:251)
at org.testng.remote.RemoteTestNG.main(RemoteTestNG.java:77)
Caused by: java.lang.NumberFormatException: For input string: "tung"
at sun.misc.FloatingDecimal.readJavaFormatString(Unknown Source)
at sun.misc.FloatingDecimal.parseFloat(Unknown Source)
at java.lang.Float.parseFloat(Unknown Source)
at java.lang.Float.valueOf(Unknown Source)
at org.testng.internal.Parameters.convertType(Parameters.java:519)
... 27 more
]]>
    </error>
  </testcase> <!-- insertSalary -->
  <system-out/>
  <testcase name="insertSalary" time="0.074" classname="UnitTest.SalaryDAOTest"/>
  <system-out/>
  <testcase name="insertSalary" time="0.245" classname="UnitTest.SalaryDAOTest"/>
  <system-out/>
  <testcase name="insertSalary" time="0.135" classname="UnitTest.SalaryDAOTest"/>
  <system-out/>
</testsuite> <!-- UnitTest.SalaryDAOTest -->
